<?xml version="1.0" encoding="UTF-8"?>
<!-- Generated by org.testng.reporters.JUnitReportReporter -->
<testsuite hostname="DESKTOP-UMN6L1B" failures="0" tests="10" name="com.amazon.test.AmazonSearchTest" time="161.009" errors="0" timestamp="2025-09-01T22:36:01 IST" skipped="0">
  <testcase classname="com.amazon.test.AmazonSearchTest" name="test_Department_Filter" time="22.449">
    <system-out>
      <![CDATA[Selecting 'Electronics' department and searching 'Headphones'
Assertion passed: department filter applied with results]]>
    </system-out>
  </testcase> <!-- test_Department_Filter -->
  <testcase classname="com.amazon.test.AmazonSearchTest" name="test_Search_Valid_Enter" time="40.056">
    <system-out>
      <![CDATA[Searching 'Mobile' via Enter key
Assertion passed: results shown for 'Mobile']]>
    </system-out>
  </testcase> <!-- test_Search_Valid_Enter -->
  <testcase classname="com.amazon.test.AmazonSearchTest" name="test_Suggestions_SingleChar" time="6.789">
    <system-out>
      <![CDATA[Typing single character 'h' to check suggestions
Suggestions loaded: [hand bags for women stylish, headphones bluetooth wireless, hp laptop i5 13th generation 16gb ram, helmet for bike, hair dryer for woman, home decoration items for living room, handwash refill pack, harpic 1 litre, headphones wireless with mic, hot wheels set]]]>
    </system-out>
  </testcase> <!-- test_Suggestions_SingleChar -->
  <testcase classname="com.amazon.test.AmazonSearchTest" name="test_Invalid_NoResults" time="14.154">
    <system-out>
      <![CDATA[Searching invalid term: zzzxxxyyyqwe123456
noResults=false, suggestions=false, resultsCount=12, rewritten=false, textSuggests=false, genericResultsForInvalid=true, titles=[]
Handled invalid term as expected]]>
    </system-out>
  </testcase> <!-- test_Invalid_NoResults -->
  <testcase classname="com.amazon.test.AmazonSearchTest" name="test_Search_Valid_Click" time="12.772">
    <system-out>
      <![CDATA[Opening Amazon home page
Typed 'Laptop' in the search box
Clicked search button
Results page loaded for 'Laptop'
Assertion passed: results shown for 'Laptop']]>
    </system-out>
  </testcase> <!-- test_Search_Valid_Click -->
  <testcase classname="com.amazon.test.AmazonSearchTest" name="test_Suggestions_UpdateOnMoreChars" time="8.839">
    <system-out>
      <![CDATA[Typing 'm', then appending 'o' to verify suggestions update
First: [motorola phone 5g, macbook air m4, moto edge 60 fusion 5g, mobile phone under 20000, my order details, motorola edge 60 pro, mixer grinder 750, motorola edge 60 fusion, microwave for kitchen, mosquito killer racket] | Second: [motorola phone 5g, moto edge 60 fusion 5g, mobile phone under 20000, mobile phone under 2000+0, motorola edge 60 pro, motorola edge 60 fusion, mosquito killer racket, mouse for laptop, moto g85 5g, moto g85 5+g]]]>
    </system-out>
  </testcase> <!-- test_Suggestions_UpdateOnMoreChars -->
  <testcase classname="com.amazon.test.AmazonSearchTest" name="test_Alphanumeric_Valid" time="13.059">
    <system-out>
      <![CDATA[Searching 'iPhone 15'
Assertion passed: results shown for 'iPhone 15']]>
    </system-out>
  </testcase> <!-- test_Alphanumeric_Valid -->
  <testcase classname="com.amazon.test.AmazonSearchTest" name="test_LongString_Accepted" time="15.485">
    <system-out>
      <![CDATA[Searching a very long string (length=620)
Assertion passed: page handled long input]]>
    </system-out>
  </testcase> <!-- test_LongString_Accepted -->
  <testcase classname="com.amazon.test.AmazonSearchTest" name="test_Suggestions_SelectItem" time="17.983">
    <system-out>
      <![CDATA[Typing 'hea' and selecting first suggestion
Chosen suggestion: headphones bluetooth wireless
Assertion passed: search box matches chosen suggestion]]>
    </system-out>
  </testcase> <!-- test_Suggestions_SelectItem -->
  <testcase classname="com.amazon.test.AmazonSearchTest" name="test_Search_Empty_NoNavigation" time="9.423">
    <system-out>
      <![CDATA[Verifying empty search keeps user on the same page
Assertion passed: empty search did not navigate]]>
    </system-out>
  </testcase> <!-- test_Search_Empty_NoNavigation -->
  <system-out>
    <![CDATA[Searching 'iPhone 15'
Assertion passed: results shown for 'iPhone 15'
Selecting 'Electronics' department and searching 'Headphones'
Assertion passed: department filter applied with results
Searching invalid term: zzzxxxyyyqwe123456
noResults=false, suggestions=false, resultsCount=12, rewritten=false, textSuggests=false, genericResultsForInvalid=true, titles=[]
Handled invalid term as expected
Searching a very long string (length=620)
Assertion passed: page handled long input
Verifying empty search keeps user on the same page
Assertion passed: empty search did not navigate
Opening Amazon home page
Typed 'Laptop' in the search box
Clicked search button
Results page loaded for 'Laptop'
Assertion passed: results shown for 'Laptop'
Searching 'Mobile' via Enter key
Assertion passed: results shown for 'Mobile'
Typing 'hea' and selecting first suggestion
Chosen suggestion: headphones bluetooth wireless
Assertion passed: search box matches chosen suggestion
Typing single character 'h' to check suggestions
Suggestions loaded: [hand bags for women stylish, headphones bluetooth wireless, hp laptop i5 13th generation 16gb ram, helmet for bike, hair dryer for woman, home decoration items for living room, handwash refill pack, harpic 1 litre, headphones wireless with mic, hot wheels set]
Typing 'm', then appending 'o' to verify suggestions update
First: [motorola phone 5g, macbook air m4, moto edge 60 fusion 5g, mobile phone under 20000, my order details, motorola edge 60 pro, mixer grinder 750, motorola edge 60 fusion, microwave for kitchen, mosquito killer racket] | Second: [motorola phone 5g, moto edge 60 fusion 5g, mobile phone under 20000, mobile phone under 2000+0, motorola edge 60 pro, motorola edge 60 fusion, mosquito killer racket, mouse for laptop, moto g85 5g, moto g85 5+g]]]>
  </system-out>
</testsuite> <!-- com.amazon.test.AmazonSearchTest -->
